<?xml version="1.0" encoding="UTF-8"?>
<!-- Generated by org.testng.reporters.JUnitXMLReporter -->
<testsuite hostname="DESKTOP-L89640U" ignored="0" name="Default test" tests="10" failures="0" timestamp="30 Jan 2023 05:15:44 GMT" time="134.436" errors="0">
  <testcase name="validateCheckoutPage" time="10.342" classname="com.vcentry.lab.testCases.CheckoutPageValidator"/>
  <testcase name="validateCheckoutPage" time="10.323" classname="com.vcentry.lab.testCases.CheckoutPageValidator"/>
  <testcase name="validateCheckoutPage" time="5.352" classname="com.vcentry.lab.testCases.CheckoutPageValidator"/>
  <testcase name="validateCheckoutPage" time="5.526" classname="com.vcentry.lab.testCases.CheckoutPageValidator"/>
  <testcase name="validateCheckoutPage" time="5.089" classname="com.vcentry.lab.testCases.CheckoutPageValidator"/>
  <testcase name="validateCheckoutPage" time="5.429" classname="com.vcentry.lab.testCases.CheckoutPageValidator"/>
  <testcase name="validateCheckoutPage" time="4.781" classname="com.vcentry.lab.testCases.CheckoutPageValidator"/>
  <testcase name="validateCheckoutPage" time="5.993" classname="com.vcentry.lab.testCases.CheckoutPageValidator"/>
  <testcase name="validateCheckoutPage" time="5.117" classname="com.vcentry.lab.testCases.CheckoutPageValidator"/>
  <testcase name="validateCheckoutPage" time="6.102" classname="com.vcentry.lab.testCases.CheckoutPageValidator"/>
</testsuite> <!-- Default test -->
