<?xml version="1.0" encoding="UTF-8"?>
<testng-results skipped="0" failed="0" ignored="0" total="10" passed="10">
  <reporter-output>
  </reporter-output>
  <suite name="Default suite" duration-ms="134436" started-at="2023-01-30T05:13:30Z" finished-at="2023-01-30T05:15:44Z">
    <groups>
    </groups>
    <test name="Default test" duration-ms="134436" started-at="2023-01-30T05:13:30Z" finished-at="2023-01-30T05:15:44Z">
      <class name="com.vcentry.lab.testCases.CheckoutPageValidator">
        <test-method status="PASS" signature="setUp()[pri:0, instance:com.vcentry.lab.testCases.CheckoutPageValidator@eec5a4a]" name="setUp" is-config="true" duration-ms="48740" started-at="2023-01-30T10:43:32Z" finished-at="2023-01-30T10:44:21Z">
          <reporter-output>
          </reporter-output>
        </test-method> <!-- setUp -->
        <test-method status="PASS" signature="validateCheckoutPage(java.lang.String, java.lang.String, java.lang.String, java.lang.String, java.lang.String, java.lang.String, java.lang.String, java.lang.String, java.lang.String)[pri:0, instance:com.vcentry.lab.testCases.CheckoutPageValidator@eec5a4a]" name="validateCheckoutPage" duration-ms="10342" started-at="2023-01-30T10:44:21Z" data-provider="checkoutpagedata" finished-at="2023-01-30T10:44:31Z">
          <params>
            <param index="0">
              <value>
                <![CDATA[CheckoutPageTest_DataSet2]]>
              </value>
            </param>
            <param index="1">
              <value>
                <![CDATA[user1]]>
              </value>
            </param>
            <param index="2">
              <value>
                <![CDATA[Guru@12345]]>
              </value>
            </param>
            <param index="3">
              <value>
                <![CDATA[produtA]]>
              </value>
            </param>
            <param index="4">
              <value>
                <![CDATA[1111]]>
              </value>
            </param>
            <param index="5">
              <value>
                <![CDATA[mailA@email.com]]>
              </value>
            </param>
            <param index="6">
              <value>
                <![CDATA[Electrical]]>
              </value>
            </param>
            <param index="7">
              <value>
                <![CDATA[12]]>
              </value>
            </param>
            <param index="8">
              <value>
                <![CDATA[purchaseNameA]]>
              </value>
            </param>
          </params>
          <reporter-output>
          </reporter-output>
        </test-method> <!-- validateCheckoutPage -->
        <test-method status="PASS" signature="teardown(org.testng.ITestResult)[pri:0, instance:com.vcentry.lab.testCases.CheckoutPageValidator@eec5a4a]" name="teardown" is-config="true" duration-ms="2796" started-at="2023-01-30T10:44:31Z" finished-at="2023-01-30T10:44:34Z">
          <params>
            <param index="0">
              <value>
                <![CDATA[[TestResult name=validateCheckoutPage status=SUCCESS method=CheckoutPageValidator.validateCheckoutPage(java.lang.String, java.lang.String, java.lang.String, java.lang.String, java.lang.String, java.lang.String, java.lang.String, java.lang.String, java.lang.String)[pri:0, instance:com.vcentry.lab.testCases.CheckoutPageValidator@eec5a4a] output={null}]]]>
              </value>
            </param>
          </params>
          <reporter-output>
          </reporter-output>
        </test-method> <!-- teardown -->
        <test-method status="PASS" signature="setUp()[pri:0, instance:com.vcentry.lab.testCases.CheckoutPageValidator@eec5a4a]" name="setUp" is-config="true" duration-ms="0" started-at="2023-01-30T10:44:34Z" finished-at="2023-01-30T10:44:34Z">
          <reporter-output>
          </reporter-output>
        </test-method> <!-- setUp -->
        <test-method status="PASS" signature="validateCheckoutPage(java.lang.String, java.lang.String, java.lang.String, java.lang.String, java.lang.String, java.lang.String, java.lang.String, java.lang.String, java.lang.String)[pri:0, instance:com.vcentry.lab.testCases.CheckoutPageValidator@eec5a4a]" name="validateCheckoutPage" duration-ms="10323" started-at="2023-01-30T10:44:34Z" data-provider="checkoutpagedata" finished-at="2023-01-30T10:44:45Z">
          <params>
            <param index="0">
              <value>
                <![CDATA[CheckoutPageTest_DataSet3]]>
              </value>
            </param>
            <param index="1">
              <value>
                <![CDATA[user1]]>
              </value>
            </param>
            <param index="2">
              <value>
                <![CDATA[Guru@12345]]>
              </value>
            </param>
            <param index="3">
              <value>
                <![CDATA[produtB]]>
              </value>
            </param>
            <param index="4">
              <value>
                <![CDATA[2222]]>
              </value>
            </param>
            <param index="5">
              <value>
                <![CDATA[mailA@email.com]]>
              </value>
            </param>
            <param index="6">
              <value>
                <![CDATA[Electrical]]>
              </value>
            </param>
            <param index="7">
              <value>
                <![CDATA[12]]>
              </value>
            </param>
            <param index="8">
              <value>
                <![CDATA[purchaseNameA]]>
              </value>
            </param>
          </params>
          <reporter-output>
          </reporter-output>
        </test-method> <!-- validateCheckoutPage -->
        <test-method status="PASS" signature="teardown(org.testng.ITestResult)[pri:0, instance:com.vcentry.lab.testCases.CheckoutPageValidator@eec5a4a]" name="teardown" is-config="true" duration-ms="6955" started-at="2023-01-30T10:44:45Z" finished-at="2023-01-30T10:44:51Z">
          <params>
            <param index="0">
              <value>
                <![CDATA[[TestResult name=validateCheckoutPage status=SUCCESS method=CheckoutPageValidator.validateCheckoutPage(java.lang.String, java.lang.String, java.lang.String, java.lang.String, java.lang.String, java.lang.String, java.lang.String, java.lang.String, java.lang.String)[pri:0, instance:com.vcentry.lab.testCases.CheckoutPageValidator@eec5a4a] output={null}]]]>
              </value>
            </param>
          </params>
          <reporter-output>
          </reporter-output>
        </test-method> <!-- teardown -->
        <test-method status="PASS" signature="setUp()[pri:0, instance:com.vcentry.lab.testCases.CheckoutPageValidator@eec5a4a]" name="setUp" is-config="true" duration-ms="1" started-at="2023-01-30T10:44:51Z" finished-at="2023-01-30T10:44:51Z">
          <reporter-output>
          </reporter-output>
        </test-method> <!-- setUp -->
        <test-method status="PASS" signature="validateCheckoutPage(java.lang.String, java.lang.String, java.lang.String, java.lang.String, java.lang.String, java.lang.String, java.lang.String, java.lang.String, java.lang.String)[pri:0, instance:com.vcentry.lab.testCases.CheckoutPageValidator@eec5a4a]" name="validateCheckoutPage" duration-ms="5352" started-at="2023-01-30T10:44:51Z" data-provider="checkoutpagedata" finished-at="2023-01-30T10:44:57Z">
          <params>
            <param index="0">
              <value>
                <![CDATA[CheckoutPageTest_DataSet4]]>
              </value>
            </param>
            <param index="1">
              <value>
                <![CDATA[user1]]>
              </value>
            </param>
            <param index="2">
              <value>
                <![CDATA[Guru@12345]]>
              </value>
            </param>
            <param index="3">
              <value>
                <![CDATA[produtC]]>
              </value>
            </param>
            <param index="4">
              <value>
                <![CDATA[3333]]>
              </value>
            </param>
            <param index="5">
              <value>
                <![CDATA[mailA@email.com]]>
              </value>
            </param>
            <param index="6">
              <value>
                <![CDATA[Electrical]]>
              </value>
            </param>
            <param index="7">
              <value>
                <![CDATA[12]]>
              </value>
            </param>
            <param index="8">
              <value>
                <![CDATA[purchaseNameA]]>
              </value>
            </param>
          </params>
          <reporter-output>
          </reporter-output>
        </test-method> <!-- validateCheckoutPage -->
        <test-method status="PASS" signature="teardown(org.testng.ITestResult)[pri:0, instance:com.vcentry.lab.testCases.CheckoutPageValidator@eec5a4a]" name="teardown" is-config="true" duration-ms="842" started-at="2023-01-30T10:44:57Z" finished-at="2023-01-30T10:44:58Z">
          <params>
            <param index="0">
              <value>
                <![CDATA[[TestResult name=validateCheckoutPage status=SUCCESS method=CheckoutPageValidator.validateCheckoutPage(java.lang.String, java.lang.String, java.lang.String, java.lang.String, java.lang.String, java.lang.String, java.lang.String, java.lang.String, java.lang.String)[pri:0, instance:com.vcentry.lab.testCases.CheckoutPageValidator@eec5a4a] output={null}]]]>
              </value>
            </param>
          </params>
          <reporter-output>
          </reporter-output>
        </test-method> <!-- teardown -->
        <test-method status="PASS" signature="setUp()[pri:0, instance:com.vcentry.lab.testCases.CheckoutPageValidator@eec5a4a]" name="setUp" is-config="true" duration-ms="1" started-at="2023-01-30T10:44:58Z" finished-at="2023-01-30T10:44:58Z">
          <reporter-output>
          </reporter-output>
        </test-method> <!-- setUp -->
        <test-method status="PASS" signature="validateCheckoutPage(java.lang.String, java.lang.String, java.lang.String, java.lang.String, java.lang.String, java.lang.String, java.lang.String, java.lang.String, java.lang.String)[pri:0, instance:com.vcentry.lab.testCases.CheckoutPageValidator@eec5a4a]" name="validateCheckoutPage" duration-ms="5526" started-at="2023-01-30T10:44:58Z" data-provider="checkoutpagedata" finished-at="2023-01-30T10:45:03Z">
          <params>
            <param index="0">
              <value>
                <![CDATA[CheckoutPageTest_DataSet5]]>
              </value>
            </param>
            <param index="1">
              <value>
                <![CDATA[user1]]>
              </value>
            </param>
            <param index="2">
              <value>
                <![CDATA[Guru@12345]]>
              </value>
            </param>
            <param index="3">
              <value>
                <![CDATA[produtD]]>
              </value>
            </param>
            <param index="4">
              <value>
                <![CDATA[4444]]>
              </value>
            </param>
            <param index="5">
              <value>
                <![CDATA[mailA@email.com]]>
              </value>
            </param>
            <param index="6">
              <value>
                <![CDATA[Electrical]]>
              </value>
            </param>
            <param index="7">
              <value>
                <![CDATA[12]]>
              </value>
            </param>
            <param index="8">
              <value>
                <![CDATA[purchaseNameA]]>
              </value>
            </param>
          </params>
          <reporter-output>
          </reporter-output>
        </test-method> <!-- validateCheckoutPage -->
        <test-method status="PASS" signature="teardown(org.testng.ITestResult)[pri:0, instance:com.vcentry.lab.testCases.CheckoutPageValidator@eec5a4a]" name="teardown" is-config="true" duration-ms="1020" started-at="2023-01-30T10:45:03Z" finished-at="2023-01-30T10:45:04Z">
          <params>
            <param index="0">
              <value>
                <![CDATA[[TestResult name=validateCheckoutPage status=SUCCESS method=CheckoutPageValidator.validateCheckoutPage(java.lang.String, java.lang.String, java.lang.String, java.lang.String, java.lang.String, java.lang.String, java.lang.String, java.lang.String, java.lang.String)[pri:0, instance:com.vcentry.lab.testCases.CheckoutPageValidator@eec5a4a] output={null}]]]>
              </value>
            </param>
          </params>
          <reporter-output>
          </reporter-output>
        </test-method> <!-- teardown -->
        <test-method status="PASS" signature="setUp()[pri:0, instance:com.vcentry.lab.testCases.CheckoutPageValidator@eec5a4a]" name="setUp" is-config="true" duration-ms="1" started-at="2023-01-30T10:45:04Z" finished-at="2023-01-30T10:45:04Z">
          <reporter-output>
          </reporter-output>
        </test-method> <!-- setUp -->
        <test-method status="PASS" signature="validateCheckoutPage(java.lang.String, java.lang.String, java.lang.String, java.lang.String, java.lang.String, java.lang.String, java.lang.String, java.lang.String, java.lang.String)[pri:0, instance:com.vcentry.lab.testCases.CheckoutPageValidator@eec5a4a]" name="validateCheckoutPage" duration-ms="5089" started-at="2023-01-30T10:45:04Z" data-provider="checkoutpagedata" finished-at="2023-01-30T10:45:09Z">
          <params>
            <param index="0">
              <value>
                <![CDATA[CheckoutPageTest_DataSet6]]>
              </value>
            </param>
            <param index="1">
              <value>
                <![CDATA[user1]]>
              </value>
            </param>
            <param index="2">
              <value>
                <![CDATA[Guru@12345]]>
              </value>
            </param>
            <param index="3">
              <value>
                <![CDATA[produtE]]>
              </value>
            </param>
            <param index="4">
              <value>
                <![CDATA[5555]]>
              </value>
            </param>
            <param index="5">
              <value>
                <![CDATA[mailA@email.com]]>
              </value>
            </param>
            <param index="6">
              <value>
                <![CDATA[Electrical]]>
              </value>
            </param>
            <param index="7">
              <value>
                <![CDATA[12]]>
              </value>
            </param>
            <param index="8">
              <value>
                <![CDATA[purchaseNameA]]>
              </value>
            </param>
          </params>
          <reporter-output>
          </reporter-output>
        </test-method> <!-- validateCheckoutPage -->
        <test-method status="PASS" signature="teardown(org.testng.ITestResult)[pri:0, instance:com.vcentry.lab.testCases.CheckoutPageValidator@eec5a4a]" name="teardown" is-config="true" duration-ms="1066" started-at="2023-01-30T10:45:09Z" finished-at="2023-01-30T10:45:10Z">
          <params>
            <param index="0">
              <value>
                <![CDATA[[TestResult name=validateCheckoutPage status=SUCCESS method=CheckoutPageValidator.validateCheckoutPage(java.lang.String, java.lang.String, java.lang.String, java.lang.String, java.lang.String, java.lang.String, java.lang.String, java.lang.String, java.lang.String)[pri:0, instance:com.vcentry.lab.testCases.CheckoutPageValidator@eec5a4a] output={null}]]]>
              </value>
            </param>
          </params>
          <reporter-output>
          </reporter-output>
        </test-method> <!-- teardown -->
        <test-method status="PASS" signature="setUp()[pri:0, instance:com.vcentry.lab.testCases.CheckoutPageValidator@eec5a4a]" name="setUp" is-config="true" duration-ms="2" started-at="2023-01-30T10:45:10Z" finished-at="2023-01-30T10:45:10Z">
          <reporter-output>
          </reporter-output>
        </test-method> <!-- setUp -->
        <test-method status="PASS" signature="validateCheckoutPage(java.lang.String, java.lang.String, java.lang.String, java.lang.String, java.lang.String, java.lang.String, java.lang.String, java.lang.String, java.lang.String)[pri:0, instance:com.vcentry.lab.testCases.CheckoutPageValidator@eec5a4a]" name="validateCheckoutPage" duration-ms="5429" started-at="2023-01-30T10:45:10Z" data-provider="checkoutpagedata" finished-at="2023-01-30T10:45:16Z">
          <params>
            <param index="0">
              <value>
                <![CDATA[CheckoutPageTest_DataSet7]]>
              </value>
            </param>
            <param index="1">
              <value>
                <![CDATA[user1]]>
              </value>
            </param>
            <param index="2">
              <value>
                <![CDATA[Guru@12345]]>
              </value>
            </param>
            <param index="3">
              <value>
                <![CDATA[produtF]]>
              </value>
            </param>
            <param index="4">
              <value>
                <![CDATA[6666]]>
              </value>
            </param>
            <param index="5">
              <value>
                <![CDATA[mailA@email.com]]>
              </value>
            </param>
            <param index="6">
              <value>
                <![CDATA[Electrical]]>
              </value>
            </param>
            <param index="7">
              <value>
                <![CDATA[12]]>
              </value>
            </param>
            <param index="8">
              <value>
                <![CDATA[purchaseNameA]]>
              </value>
            </param>
          </params>
          <reporter-output>
          </reporter-output>
        </test-method> <!-- validateCheckoutPage -->
        <test-method status="PASS" signature="teardown(org.testng.ITestResult)[pri:0, instance:com.vcentry.lab.testCases.CheckoutPageValidator@eec5a4a]" name="teardown" is-config="true" duration-ms="1417" started-at="2023-01-30T10:45:16Z" finished-at="2023-01-30T10:45:17Z">
          <params>
            <param index="0">
              <value>
                <![CDATA[[TestResult name=validateCheckoutPage status=SUCCESS method=CheckoutPageValidator.validateCheckoutPage(java.lang.String, java.lang.String, java.lang.String, java.lang.String, java.lang.String, java.lang.String, java.lang.String, java.lang.String, java.lang.String)[pri:0, instance:com.vcentry.lab.testCases.CheckoutPageValidator@eec5a4a] output={null}]]]>
              </value>
            </param>
          </params>
          <reporter-output>
          </reporter-output>
        </test-method> <!-- teardown -->
        <test-method status="PASS" signature="setUp()[pri:0, instance:com.vcentry.lab.testCases.CheckoutPageValidator@eec5a4a]" name="setUp" is-config="true" duration-ms="1" started-at="2023-01-30T10:45:17Z" finished-at="2023-01-30T10:45:17Z">
          <reporter-output>
          </reporter-output>
        </test-method> <!-- setUp -->
        <test-method status="PASS" signature="validateCheckoutPage(java.lang.String, java.lang.String, java.lang.String, java.lang.String, java.lang.String, java.lang.String, java.lang.String, java.lang.String, java.lang.String)[pri:0, instance:com.vcentry.lab.testCases.CheckoutPageValidator@eec5a4a]" name="validateCheckoutPage" duration-ms="4781" started-at="2023-01-30T10:45:17Z" data-provider="checkoutpagedata" finished-at="2023-01-30T10:45:22Z">
          <params>
            <param index="0">
              <value>
                <![CDATA[CheckoutPageTest_DataSet8]]>
              </value>
            </param>
            <param index="1">
              <value>
                <![CDATA[user1]]>
              </value>
            </param>
            <param index="2">
              <value>
                <![CDATA[Guru@12345]]>
              </value>
            </param>
            <param index="3">
              <value>
                <![CDATA[produtG]]>
              </value>
            </param>
            <param index="4">
              <value>
                <![CDATA[7777]]>
              </value>
            </param>
            <param index="5">
              <value>
                <![CDATA[mailA@email.com]]>
              </value>
            </param>
            <param index="6">
              <value>
                <![CDATA[Electrical]]>
              </value>
            </param>
            <param index="7">
              <value>
                <![CDATA[12]]>
              </value>
            </param>
            <param index="8">
              <value>
                <![CDATA[purchaseNameA]]>
              </value>
            </param>
          </params>
          <reporter-output>
          </reporter-output>
        </test-method> <!-- validateCheckoutPage -->
        <test-method status="PASS" signature="teardown(org.testng.ITestResult)[pri:0, instance:com.vcentry.lab.testCases.CheckoutPageValidator@eec5a4a]" name="teardown" is-config="true" duration-ms="801" started-at="2023-01-30T10:45:22Z" finished-at="2023-01-30T10:45:23Z">
          <params>
            <param index="0">
              <value>
                <![CDATA[[TestResult name=validateCheckoutPage status=SUCCESS method=CheckoutPageValidator.validateCheckoutPage(java.lang.String, java.lang.String, java.lang.String, java.lang.String, java.lang.String, java.lang.String, java.lang.String, java.lang.String, java.lang.String)[pri:0, instance:com.vcentry.lab.testCases.CheckoutPageValidator@eec5a4a] output={null}]]]>
              </value>
            </param>
          </params>
          <reporter-output>
          </reporter-output>
        </test-method> <!-- teardown -->
        <test-method status="PASS" signature="validateCheckoutPage(java.lang.String, java.lang.String, java.lang.String, java.lang.String, java.lang.String, java.lang.String, java.lang.String, java.lang.String, java.lang.String)[pri:0, instance:com.vcentry.lab.testCases.CheckoutPageValidator@eec5a4a]" name="validateCheckoutPage" duration-ms="5993" started-at="2023-01-30T10:45:23Z" data-provider="checkoutpagedata" finished-at="2023-01-30T10:45:29Z">
          <params>
            <param index="0">
              <value>
                <![CDATA[CheckoutPageTest_DataSet9]]>
              </value>
            </param>
            <param index="1">
              <value>
                <![CDATA[user1]]>
              </value>
            </param>
            <param index="2">
              <value>
                <![CDATA[Guru@12345]]>
              </value>
            </param>
            <param index="3">
              <value>
                <![CDATA[produtH]]>
              </value>
            </param>
            <param index="4">
              <value>
                <![CDATA[8888]]>
              </value>
            </param>
            <param index="5">
              <value>
                <![CDATA[mailA@email.com]]>
              </value>
            </param>
            <param index="6">
              <value>
                <![CDATA[Electrical]]>
              </value>
            </param>
            <param index="7">
              <value>
                <![CDATA[12]]>
              </value>
            </param>
            <param index="8">
              <value>
                <![CDATA[purchaseNameA]]>
              </value>
            </param>
          </params>
          <reporter-output>
          </reporter-output>
        </test-method> <!-- validateCheckoutPage -->
        <test-method status="PASS" signature="setUp()[pri:0, instance:com.vcentry.lab.testCases.CheckoutPageValidator@eec5a4a]" name="setUp" is-config="true" duration-ms="0" started-at="2023-01-30T10:45:23Z" finished-at="2023-01-30T10:45:23Z">
          <reporter-output>
          </reporter-output>
        </test-method> <!-- setUp -->
        <test-method status="PASS" signature="teardown(org.testng.ITestResult)[pri:0, instance:com.vcentry.lab.testCases.CheckoutPageValidator@eec5a4a]" name="teardown" is-config="true" duration-ms="799" started-at="2023-01-30T10:45:29Z" finished-at="2023-01-30T10:45:30Z">
          <params>
            <param index="0">
              <value>
                <![CDATA[[TestResult name=validateCheckoutPage status=SUCCESS method=CheckoutPageValidator.validateCheckoutPage(java.lang.String, java.lang.String, java.lang.String, java.lang.String, java.lang.String, java.lang.String, java.lang.String, java.lang.String, java.lang.String)[pri:0, instance:com.vcentry.lab.testCases.CheckoutPageValidator@eec5a4a] output={null}]]]>
              </value>
            </param>
          </params>
          <reporter-output>
          </reporter-output>
        </test-method> <!-- teardown -->
        <test-method status="PASS" signature="validateCheckoutPage(java.lang.String, java.lang.String, java.lang.String, java.lang.String, java.lang.String, java.lang.String, java.lang.String, java.lang.String, java.lang.String)[pri:0, instance:com.vcentry.lab.testCases.CheckoutPageValidator@eec5a4a]" name="validateCheckoutPage" duration-ms="5117" started-at="2023-01-30T10:45:30Z" data-provider="checkoutpagedata" finished-at="2023-01-30T10:45:35Z">
          <params>
            <param index="0">
              <value>
                <![CDATA[CheckoutPageTest_DataSet10]]>
              </value>
            </param>
            <param index="1">
              <value>
                <![CDATA[user1]]>
              </value>
            </param>
            <param index="2">
              <value>
                <![CDATA[Guru@12345]]>
              </value>
            </param>
            <param index="3">
              <value>
                <![CDATA[produtI]]>
              </value>
            </param>
            <param index="4">
              <value>
                <![CDATA[9999]]>
              </value>
            </param>
            <param index="5">
              <value>
                <![CDATA[mailA@email.com]]>
              </value>
            </param>
            <param index="6">
              <value>
                <![CDATA[Electrical]]>
              </value>
            </param>
            <param index="7">
              <value>
                <![CDATA[12]]>
              </value>
            </param>
            <param index="8">
              <value>
                <![CDATA[purchaseNameA]]>
              </value>
            </param>
          </params>
          <reporter-output>
          </reporter-output>
        </test-method> <!-- validateCheckoutPage -->
        <test-method status="PASS" signature="setUp()[pri:0, instance:com.vcentry.lab.testCases.CheckoutPageValidator@eec5a4a]" name="setUp" is-config="true" duration-ms="0" started-at="2023-01-30T10:45:30Z" finished-at="2023-01-30T10:45:30Z">
          <reporter-output>
          </reporter-output>
        </test-method> <!-- setUp -->
        <test-method status="PASS" signature="teardown(org.testng.ITestResult)[pri:0, instance:com.vcentry.lab.testCases.CheckoutPageValidator@eec5a4a]" name="teardown" is-config="true" duration-ms="1105" started-at="2023-01-30T10:45:35Z" finished-at="2023-01-30T10:45:36Z">
          <params>
            <param index="0">
              <value>
                <![CDATA[[TestResult name=validateCheckoutPage status=SUCCESS method=CheckoutPageValidator.validateCheckoutPage(java.lang.String, java.lang.String, java.lang.String, java.lang.String, java.lang.String, java.lang.String, java.lang.String, java.lang.String, java.lang.String)[pri:0, instance:com.vcentry.lab.testCases.CheckoutPageValidator@eec5a4a] output={null}]]]>
              </value>
            </param>
          </params>
          <reporter-output>
          </reporter-output>
        </test-method> <!-- teardown -->
        <test-method status="PASS" signature="validateCheckoutPage(java.lang.String, java.lang.String, java.lang.String, java.lang.String, java.lang.String, java.lang.String, java.lang.String, java.lang.String, java.lang.String)[pri:0, instance:com.vcentry.lab.testCases.CheckoutPageValidator@eec5a4a]" name="validateCheckoutPage" duration-ms="6102" started-at="2023-01-30T10:45:36Z" data-provider="checkoutpagedata" finished-at="2023-01-30T10:45:42Z">
          <params>
            <param index="0">
              <value>
                <![CDATA[CheckoutPageTest_DataSet11]]>
              </value>
            </param>
            <param index="1">
              <value>
                <![CDATA[user1]]>
              </value>
            </param>
            <param index="2">
              <value>
                <![CDATA[Guru@12345]]>
              </value>
            </param>
            <param index="3">
              <value>
                <![CDATA[produtJ]]>
              </value>
            </param>
            <param index="4">
              <value>
                <![CDATA[10000]]>
              </value>
            </param>
            <param index="5">
              <value>
                <![CDATA[mailA@email.com]]>
              </value>
            </param>
            <param index="6">
              <value>
                <![CDATA[Electrical]]>
              </value>
            </param>
            <param index="7">
              <value>
                <![CDATA[12]]>
              </value>
            </param>
            <param index="8">
              <value>
                <![CDATA[purchaseNameA]]>
              </value>
            </param>
          </params>
          <reporter-output>
          </reporter-output>
        </test-method> <!-- validateCheckoutPage -->
        <test-method status="PASS" signature="setUp()[pri:0, instance:com.vcentry.lab.testCases.CheckoutPageValidator@eec5a4a]" name="setUp" is-config="true" duration-ms="0" started-at="2023-01-30T10:45:36Z" finished-at="2023-01-30T10:45:36Z">
          <reporter-output>
          </reporter-output>
        </test-method> <!-- setUp -->
        <test-method status="PASS" signature="teardown(org.testng.ITestResult)[pri:0, instance:com.vcentry.lab.testCases.CheckoutPageValidator@eec5a4a]" name="teardown" is-config="true" duration-ms="913" started-at="2023-01-30T10:45:42Z" finished-at="2023-01-30T10:45:43Z">
          <params>
            <param index="0">
              <value>
                <![CDATA[[TestResult name=validateCheckoutPage status=SUCCESS method=CheckoutPageValidator.validateCheckoutPage(java.lang.String, java.lang.String, java.lang.String, java.lang.String, java.lang.String, java.lang.String, java.lang.String, java.lang.String, java.lang.String)[pri:0, instance:com.vcentry.lab.testCases.CheckoutPageValidator@eec5a4a] output={null}]]]>
              </value>
            </param>
          </params>
          <reporter-output>
          </reporter-output>
        </test-method> <!-- teardown -->
        <test-method status="PASS" signature="closeBrowser()[pri:0, instance:com.vcentry.lab.testCases.CheckoutPageValidator@eec5a4a]" name="closeBrowser" is-config="true" duration-ms="1417" started-at="2023-01-30T10:45:43Z" finished-at="2023-01-30T10:45:44Z">
          <reporter-output>
          </reporter-output>
        </test-method> <!-- closeBrowser -->
      </class> <!-- com.vcentry.lab.testCases.CheckoutPageValidator -->
    </test> <!-- Default test -->
  </suite> <!-- Default suite -->
</testng-results>
